{"/home/node/app/backend/src/infrastructure/FakeStockData.ts": {"path":"/home/node/app/backend/src/infrastructure/FakeStockData.ts","statementMap":{"0":{"start":{"line":1,"column":0},"end":{"line":1,"column":47}},"1":{"start":{"line":2,"column":22},"end":{"line":39,"column":null}},"2":{"start":{"line":41,"column":0},"end":{"line":41,"column":22}}},"fnMap":{},"branchMap":{},"s":{"0":1,"1":1,"2":1},"f":{},"b":{}}
,"/home/node/app/backend/src/infrastructure/FakeStockReadOnlyRepository.ts": {"path":"/home/node/app/backend/src/infrastructure/FakeStockReadOnlyRepository.ts","statementMap":{"0":{"start":{"line":5,"column":0},"end":{"line":5,"column":37}},"1":{"start":{"line":6,"column":0},"end":{"line":6,"column":39}},"2":{"start":{"line":9,"column":0},"end":{"line":99,"column":null}},"3":{"start":{"line":15,"column":2},"end":{"line":15,"column":26}},"4":{"start":{"line":18,"column":2},"end":{"line":20,"column":null}},"5":{"start":{"line":19,"column":3},"end":{"line":19,"column":27}},"6":{"start":{"line":23,"column":2},"end":{"line":97,"column":null}},"7":{"start":{"line":24,"column":33},"end":{"line":55,"column":5}},"8":{"start":{"line":25,"column":4},"end":{"line":52,"column":null}},"9":{"start":{"line":26,"column":5},"end":{"line":41,"column":null}},"10":{"start":{"line":27,"column":6},"end":{"line":40,"column":null}},"11":{"start":{"line":43,"column":5},"end":{"line":51,"column":null}},"12":{"start":{"line":54,"column":4},"end":{"line":54,"column":16}},"13":{"start":{"line":57,"column":3},"end":{"line":94,"column":null}},"14":{"start":{"line":58,"column":4},"end":{"line":93,"column":null}},"15":{"start":{"line":59,"column":5},"end":{"line":66,"column":null}},"16":{"start":{"line":60,"column":6},"end":{"line":62,"column":null}},"17":{"start":{"line":61,"column":7},"end":{"line":61,"column":101}},"18":{"start":{"line":61,"column":37},"end":{"line":61,"column":99}},"19":{"start":{"line":63,"column":6},"end":{"line":65,"column":null}},"20":{"start":{"line":64,"column":7},"end":{"line":64,"column":101}},"21":{"start":{"line":64,"column":37},"end":{"line":64,"column":99}},"22":{"start":{"line":67,"column":5},"end":{"line":92,"column":null}},"23":{"start":{"line":68,"column":6},"end":{"line":79,"column":null}},"24":{"start":{"line":69,"column":7},"end":{"line":78,"column":10}},"25":{"start":{"line":70,"column":8},"end":{"line":72,"column":null}},"26":{"start":{"line":71,"column":9},"end":{"line":71,"column":18}},"27":{"start":{"line":73,"column":8},"end":{"line":75,"column":null}},"28":{"start":{"line":74,"column":9},"end":{"line":74,"column":19}},"29":{"start":{"line":77,"column":8},"end":{"line":77,"column":17}},"30":{"start":{"line":80,"column":6},"end":{"line":91,"column":null}},"31":{"start":{"line":81,"column":7},"end":{"line":90,"column":10}},"32":{"start":{"line":82,"column":8},"end":{"line":84,"column":null}},"33":{"start":{"line":83,"column":9},"end":{"line":83,"column":19}},"34":{"start":{"line":85,"column":8},"end":{"line":87,"column":null}},"35":{"start":{"line":86,"column":9},"end":{"line":86,"column":18}},"36":{"start":{"line":89,"column":8},"end":{"line":89,"column":17}},"37":{"start":{"line":96,"column":3},"end":{"line":96,"column":23}},"38":{"start":{"line":9,"column":21},"end":{"line":99,"column":null}},"39":{"start":{"line":9,"column":21},"end":{"line":9,"column":null}}},"fnMap":{"0":{"name":"(anonymous_2)","decl":{"start":{"line":14,"column":1},"end":{"line":14,"column":null}},"loc":{"start":{"line":14,"column":1},"end":{"line":16,"column":2}}},"1":{"name":"(anonymous_3)","decl":{"start":{"line":17,"column":1},"end":{"line":17,"column":9}},"loc":{"start":{"line":17,"column":9},"end":{"line":21,"column":2}}},"2":{"name":"(anonymous_4)","decl":{"start":{"line":18,"column":21},"end":{"line":18,"column":22}},"loc":{"start":{"line":18,"column":41},"end":{"line":20,"column":3}}},"3":{"name":"(anonymous_5)","decl":{"start":{"line":22,"column":1},"end":{"line":22,"column":6}},"loc":{"start":{"line":22,"column":51},"end":{"line":98,"column":2}}},"4":{"name":"(anonymous_6)","decl":{"start":{"line":23,"column":21},"end":{"line":23,"column":22}},"loc":{"start":{"line":23,"column":41},"end":{"line":97,"column":3}}},"5":{"name":"(anonymous_7)","decl":{"start":{"line":24,"column":55},"end":{"line":24,"column":60}},"loc":{"start":{"line":24,"column":63},"end":{"line":55,"column":4}}},"6":{"name":"(anonymous_8)","decl":{"start":{"line":61,"column":23},"end":{"line":61,"column":24}},"loc":{"start":{"line":61,"column":37},"end":{"line":61,"column":99}}},"7":{"name":"(anonymous_9)","decl":{"start":{"line":64,"column":23},"end":{"line":64,"column":24}},"loc":{"start":{"line":64,"column":37},"end":{"line":64,"column":99}}},"8":{"name":"(anonymous_10)","decl":{"start":{"line":69,"column":23},"end":{"line":69,"column":24}},"loc":{"start":{"line":69,"column":32},"end":{"line":78,"column":8}}},"9":{"name":"(anonymous_11)","decl":{"start":{"line":81,"column":23},"end":{"line":81,"column":24}},"loc":{"start":{"line":81,"column":32},"end":{"line":90,"column":8}}}},"branchMap":{"0":{"loc":{"start":{"line":25,"column":4},"end":{"line":52,"column":null}},"type":"if","locations":[{"start":{"line":25,"column":4},"end":{"line":52,"column":null}}]},"1":{"loc":{"start":{"line":26,"column":5},"end":{"line":41,"column":null}},"type":"if","locations":[{"start":{"line":26,"column":5},"end":{"line":41,"column":null}}]},"2":{"loc":{"start":{"line":27,"column":14},"end":{"line":40,"column":118}},"type":"cond-expr","locations":[{"start":{"line":32,"column":77},"end":{"line":32,"column":112}},{"start":{"line":32,"column":114},"end":{"line":40,"column":118}}]},"3":{"loc":{"start":{"line":27,"column":14},"end":{"line":32,"column":74}},"type":"binary-expr","locations":[{"start":{"line":27,"column":14},"end":{"line":27,"column":44}},{"start":{"line":28,"column":6},"end":{"line":28,"column":30}},{"start":{"line":29,"column":6},"end":{"line":29,"column":34}},{"start":{"line":30,"column":6},"end":{"line":30,"column":34}},{"start":{"line":31,"column":6},"end":{"line":31,"column":38}},{"start":{"line":32,"column":6},"end":{"line":32,"column":47}},{"start":{"line":32,"column":51},"end":{"line":32,"column":74}}]},"4":{"loc":{"start":{"line":32,"column":114},"end":{"line":40,"column":118}},"type":"cond-expr","locations":[{"start":{"line":33,"column":77},"end":{"line":33,"column":113}},{"start":{"line":33,"column":115},"end":{"line":40,"column":118}}]},"5":{"loc":{"start":{"line":32,"column":114},"end":{"line":33,"column":74}},"type":"binary-expr","locations":[{"start":{"line":32,"column":114},"end":{"line":32,"column":119}},{"start":{"line":33,"column":6},"end":{"line":33,"column":47}},{"start":{"line":33,"column":51},"end":{"line":33,"column":74}}]},"6":{"loc":{"start":{"line":33,"column":115},"end":{"line":40,"column":118}},"type":"cond-expr","locations":[{"start":{"line":34,"column":77},"end":{"line":34,"column":112}},{"start":{"line":34,"column":114},"end":{"line":40,"column":118}}]},"7":{"loc":{"start":{"line":33,"column":115},"end":{"line":34,"column":74}},"type":"binary-expr","locations":[{"start":{"line":33,"column":115},"end":{"line":33,"column":120}},{"start":{"line":34,"column":6},"end":{"line":34,"column":47}},{"start":{"line":34,"column":51},"end":{"line":34,"column":74}}]},"8":{"loc":{"start":{"line":34,"column":114},"end":{"line":40,"column":118}},"type":"cond-expr","locations":[{"start":{"line":35,"column":77},"end":{"line":35,"column":107}},{"start":{"line":35,"column":109},"end":{"line":40,"column":118}}]},"9":{"loc":{"start":{"line":34,"column":114},"end":{"line":35,"column":74}},"type":"binary-expr","locations":[{"start":{"line":34,"column":114},"end":{"line":34,"column":119}},{"start":{"line":35,"column":6},"end":{"line":35,"column":47}},{"start":{"line":35,"column":51},"end":{"line":35,"column":74}}]},"10":{"loc":{"start":{"line":35,"column":109},"end":{"line":40,"column":118}},"type":"cond-expr","locations":[{"start":{"line":36,"column":77},"end":{"line":36,"column":108}},{"start":{"line":36,"column":110},"end":{"line":40,"column":118}}]},"11":{"loc":{"start":{"line":35,"column":109},"end":{"line":36,"column":74}},"type":"binary-expr","locations":[{"start":{"line":35,"column":109},"end":{"line":35,"column":114}},{"start":{"line":36,"column":6},"end":{"line":36,"column":47}},{"start":{"line":36,"column":51},"end":{"line":36,"column":74}}]},"12":{"loc":{"start":{"line":36,"column":110},"end":{"line":40,"column":118}},"type":"cond-expr","locations":[{"start":{"line":37,"column":77},"end":{"line":37,"column":107}},{"start":{"line":37,"column":109},"end":{"line":40,"column":118}}]},"13":{"loc":{"start":{"line":36,"column":110},"end":{"line":37,"column":74}},"type":"binary-expr","locations":[{"start":{"line":36,"column":110},"end":{"line":36,"column":115}},{"start":{"line":37,"column":6},"end":{"line":37,"column":47}},{"start":{"line":37,"column":51},"end":{"line":37,"column":74}}]},"14":{"loc":{"start":{"line":37,"column":109},"end":{"line":40,"column":118}},"type":"cond-expr","locations":[{"start":{"line":38,"column":79},"end":{"line":38,"column":111}},{"start":{"line":38,"column":113},"end":{"line":40,"column":118}}]},"15":{"loc":{"start":{"line":37,"column":109},"end":{"line":38,"column":76}},"type":"binary-expr","locations":[{"start":{"line":37,"column":109},"end":{"line":37,"column":114}},{"start":{"line":38,"column":6},"end":{"line":38,"column":48}},{"start":{"line":38,"column":52},"end":{"line":38,"column":76}}]},"16":{"loc":{"start":{"line":38,"column":113},"end":{"line":40,"column":118}},"type":"cond-expr","locations":[{"start":{"line":39,"column":79},"end":{"line":39,"column":112}},{"start":{"line":39,"column":114},"end":{"line":40,"column":118}}]},"17":{"loc":{"start":{"line":38,"column":113},"end":{"line":39,"column":76}},"type":"binary-expr","locations":[{"start":{"line":38,"column":113},"end":{"line":38,"column":118}},{"start":{"line":39,"column":6},"end":{"line":39,"column":48}},{"start":{"line":39,"column":52},"end":{"line":39,"column":76}}]},"18":{"loc":{"start":{"line":39,"column":114},"end":{"line":40,"column":118}},"type":"cond-expr","locations":[{"start":{"line":40,"column":79},"end":{"line":40,"column":111}},{"start":{"line":40,"column":113},"end":{"line":40,"column":118}}]},"19":{"loc":{"start":{"line":39,"column":114},"end":{"line":40,"column":76}},"type":"binary-expr","locations":[{"start":{"line":39,"column":114},"end":{"line":39,"column":119}},{"start":{"line":40,"column":6},"end":{"line":40,"column":48}},{"start":{"line":40,"column":52},"end":{"line":40,"column":76}}]},"20":{"loc":{"start":{"line":44,"column":6},"end":{"line":50,"column":38}},"type":"binary-expr","locations":[{"start":{"line":44,"column":6},"end":{"line":44,"column":36}},{"start":{"line":45,"column":6},"end":{"line":45,"column":30}},{"start":{"line":46,"column":6},"end":{"line":46,"column":34}},{"start":{"line":47,"column":6},"end":{"line":47,"column":34}},{"start":{"line":48,"column":6},"end":{"line":48,"column":36}},{"start":{"line":49,"column":6},"end":{"line":49,"column":38}},{"start":{"line":50,"column":6},"end":{"line":50,"column":38}}]},"21":{"loc":{"start":{"line":57,"column":3},"end":{"line":94,"column":null}},"type":"if","locations":[{"start":{"line":57,"column":3},"end":{"line":94,"column":null}}]},"22":{"loc":{"start":{"line":58,"column":4},"end":{"line":93,"column":null}},"type":"if","locations":[{"start":{"line":58,"column":4},"end":{"line":93,"column":null}}]},"23":{"loc":{"start":{"line":58,"column":7},"end":{"line":58,"column":59}},"type":"binary-expr","locations":[{"start":{"line":58,"column":7},"end":{"line":58,"column":34}},{"start":{"line":58,"column":38},"end":{"line":58,"column":59}}]},"24":{"loc":{"start":{"line":59,"column":5},"end":{"line":66,"column":null}},"type":"if","locations":[{"start":{"line":59,"column":5},"end":{"line":66,"column":null}}]},"25":{"loc":{"start":{"line":60,"column":6},"end":{"line":62,"column":null}},"type":"if","locations":[{"start":{"line":60,"column":6},"end":{"line":62,"column":null}}]},"26":{"loc":{"start":{"line":63,"column":6},"end":{"line":65,"column":null}},"type":"if","locations":[{"start":{"line":63,"column":6},"end":{"line":65,"column":null}}]},"27":{"loc":{"start":{"line":67,"column":5},"end":{"line":92,"column":null}},"type":"if","locations":[{"start":{"line":67,"column":5},"end":{"line":92,"column":null}}]},"28":{"loc":{"start":{"line":68,"column":6},"end":{"line":79,"column":null}},"type":"if","locations":[{"start":{"line":68,"column":6},"end":{"line":79,"column":null}}]},"29":{"loc":{"start":{"line":70,"column":8},"end":{"line":72,"column":null}},"type":"if","locations":[{"start":{"line":70,"column":8},"end":{"line":72,"column":null}}]},"30":{"loc":{"start":{"line":73,"column":8},"end":{"line":75,"column":null}},"type":"if","locations":[{"start":{"line":73,"column":8},"end":{"line":75,"column":null}}]},"31":{"loc":{"start":{"line":80,"column":6},"end":{"line":91,"column":null}},"type":"if","locations":[{"start":{"line":80,"column":6},"end":{"line":91,"column":null}}]},"32":{"loc":{"start":{"line":82,"column":8},"end":{"line":84,"column":null}},"type":"if","locations":[{"start":{"line":82,"column":8},"end":{"line":84,"column":null}}]},"33":{"loc":{"start":{"line":85,"column":8},"end":{"line":87,"column":null}},"type":"if","locations":[{"start":{"line":85,"column":8},"end":{"line":87,"column":null}}]}},"s":{"0":1,"1":1,"2":1,"3":2,"4":0,"5":0,"6":0,"7":0,"8":0,"9":0,"10":0,"11":0,"12":0,"13":0,"14":0,"15":0,"16":0,"17":0,"18":0,"19":0,"20":0,"21":0,"22":0,"23":0,"24":0,"25":0,"26":0,"27":0,"28":0,"29":0,"30":0,"31":0,"32":0,"33":0,"34":0,"35":0,"36":0,"37":0,"38":1,"39":1},"f":{"0":2,"1":0,"2":0,"3":0,"4":0,"5":0,"6":0,"7":0,"8":0,"9":0},"b":{"0":[0],"1":[0],"2":[0,0],"3":[0,0,0,0,0,0,0],"4":[0,0],"5":[0,0,0],"6":[0,0],"7":[0,0,0],"8":[0,0],"9":[0,0,0],"10":[0,0],"11":[0,0,0],"12":[0,0],"13":[0,0,0],"14":[0,0],"15":[0,0,0],"16":[0,0],"17":[0,0,0],"18":[0,0],"19":[0,0,0],"20":[0,0,0,0,0,0,0],"21":[0],"22":[0],"23":[0,0],"24":[0],"25":[0],"26":[0],"27":[0],"28":[0],"29":[0],"30":[0],"31":[0],"32":[0],"33":[0]}}
,"/home/node/app/backend/src/infrastructure/FakeStockWriteOnlyRepository.ts": {"path":"/home/node/app/backend/src/infrastructure/FakeStockWriteOnlyRepository.ts","statementMap":{"0":{"start":{"line":4,"column":0},"end":{"line":4,"column":37}},"1":{"start":{"line":5,"column":0},"end":{"line":5,"column":39}},"2":{"start":{"line":9,"column":0},"end":{"line":57,"column":null}},"3":{"start":{"line":11,"column":2},"end":{"line":18,"column":null}},"4":{"start":{"line":12,"column":3},"end":{"line":17,"column":null}},"5":{"start":{"line":13,"column":4},"end":{"line":13,"column":null}},"6":{"start":{"line":14,"column":4},"end":{"line":14,"column":22}},"7":{"start":{"line":16,"column":4},"end":{"line":16,"column":25}},"8":{"start":{"line":21,"column":2},"end":{"line":54,"column":null}},"9":{"start":{"line":22,"column":3},"end":{"line":38,"column":null}},"10":{"start":{"line":23,"column":4},"end":{"line":35,"column":null}},"11":{"start":{"line":24,"column":5},"end":{"line":34,"column":null}},"12":{"start":{"line":25,"column":6},"end":{"line":25,"column":68}},"13":{"start":{"line":27,"column":6},"end":{"line":29,"column":null}},"14":{"start":{"line":28,"column":7},"end":{"line":28,"column":32}},"15":{"start":{"line":31,"column":6},"end":{"line":33,"column":null}},"16":{"start":{"line":32,"column":7},"end":{"line":32,"column":33}},"17":{"start":{"line":37,"column":4},"end":{"line":37,"column":20}},"18":{"start":{"line":40,"column":3},"end":{"line":51,"column":null}},"19":{"start":{"line":41,"column":4},"end":{"line":50,"column":null}},"20":{"start":{"line":42,"column":5},"end":{"line":47,"column":null}},"21":{"start":{"line":49,"column":5},"end":{"line":49,"column":null}},"22":{"start":{"line":53,"column":3},"end":{"line":53,"column":null}},"23":{"start":{"line":9,"column":21},"end":{"line":57,"column":null}},"24":{"start":{"line":9,"column":21},"end":{"line":9,"column":null}}},"fnMap":{"0":{"name":"(anonymous_2)","decl":{"start":{"line":10,"column":1},"end":{"line":10,"column":7}},"loc":{"start":{"line":10,"column":27},"end":{"line":19,"column":2}}},"1":{"name":"(anonymous_3)","decl":{"start":{"line":11,"column":21},"end":{"line":11,"column":22}},"loc":{"start":{"line":11,"column":41},"end":{"line":18,"column":3}}},"2":{"name":"(anonymous_4)","decl":{"start":{"line":20,"column":1},"end":{"line":20,"column":5}},"loc":{"start":{"line":20,"column":54},"end":{"line":55,"column":2}}},"3":{"name":"(anonymous_5)","decl":{"start":{"line":21,"column":21},"end":{"line":21,"column":22}},"loc":{"start":{"line":21,"column":41},"end":{"line":54,"column":3}}},"4":{"name":"(anonymous_6)","decl":{"start":{"line":24,"column":20},"end":{"line":24,"column":25}},"loc":{"start":{"line":24,"column":28},"end":{"line":34,"column":6}}},"5":{"name":"(anonymous_7)","decl":{"start":{"line":40,"column":18},"end":{"line":40,"column":23}},"loc":{"start":{"line":40,"column":26},"end":{"line":51,"column":4}}}},"branchMap":{"0":{"loc":{"start":{"line":22,"column":3},"end":{"line":38,"column":null}},"type":"if","locations":[{"start":{"line":22,"column":3},"end":{"line":38,"column":null}}]},"1":{"loc":{"start":{"line":22,"column":6},"end":{"line":22,"column":18}},"type":"cond-expr","locations":[{"start":{"line":22,"column":13},"end":{"line":22,"column":15}},{"start":{"line":22,"column":6},"end":{"line":22,"column":18}}]},"2":{"loc":{"start":{"line":22,"column":6},"end":{"line":22,"column":15}},"type":"binary-expr","locations":[{"start":{"line":22,"column":6},"end":{"line":22,"column":15}},{"start":{"line":22,"column":6},"end":{"line":22,"column":15}}]},"3":{"loc":{"start":{"line":23,"column":4},"end":{"line":35,"column":null}},"type":"if","locations":[{"start":{"line":23,"column":4},"end":{"line":35,"column":null}}]},"4":{"loc":{"start":{"line":23,"column":7},"end":{"line":23,"column":22}},"type":"cond-expr","locations":[{"start":{"line":23,"column":14},"end":{"line":23,"column":16}},{"start":{"line":23,"column":7},"end":{"line":23,"column":22}}]},"5":{"loc":{"start":{"line":23,"column":7},"end":{"line":23,"column":16}},"type":"binary-expr","locations":[{"start":{"line":23,"column":7},"end":{"line":23,"column":16}},{"start":{"line":23,"column":7},"end":{"line":23,"column":16}}]},"6":{"loc":{"start":{"line":27,"column":6},"end":{"line":29,"column":null}},"type":"if","locations":[{"start":{"line":27,"column":6},"end":{"line":29,"column":null}}]},"7":{"loc":{"start":{"line":27,"column":9},"end":{"line":27,"column":22}},"type":"cond-expr","locations":[{"start":{"line":27,"column":16},"end":{"line":27,"column":18}},{"start":{"line":27,"column":9},"end":{"line":27,"column":22}}]},"8":{"loc":{"start":{"line":27,"column":9},"end":{"line":27,"column":18}},"type":"binary-expr","locations":[{"start":{"line":27,"column":9},"end":{"line":27,"column":18}},{"start":{"line":27,"column":9},"end":{"line":27,"column":18}}]},"9":{"loc":{"start":{"line":31,"column":6},"end":{"line":33,"column":null}},"type":"if","locations":[{"start":{"line":31,"column":6},"end":{"line":33,"column":null}}]},"10":{"loc":{"start":{"line":31,"column":9},"end":{"line":31,"column":23}},"type":"cond-expr","locations":[{"start":{"line":31,"column":16},"end":{"line":31,"column":18}},{"start":{"line":31,"column":9},"end":{"line":31,"column":23}}]},"11":{"loc":{"start":{"line":31,"column":9},"end":{"line":31,"column":18}},"type":"binary-expr","locations":[{"start":{"line":31,"column":9},"end":{"line":31,"column":18}},{"start":{"line":31,"column":9},"end":{"line":31,"column":18}}]},"12":{"loc":{"start":{"line":41,"column":4},"end":{"line":50,"column":null}},"type":"if","locations":[{"start":{"line":41,"column":4},"end":{"line":50,"column":null}}]}},"s":{"0":1,"1":1,"2":1,"3":0,"4":0,"5":0,"6":0,"7":0,"8":0,"9":0,"10":0,"11":0,"12":0,"13":0,"14":0,"15":0,"16":0,"17":0,"18":0,"19":0,"20":0,"21":0,"22":0,"23":1,"24":1},"f":{"0":0,"1":0,"2":0,"3":0,"4":0,"5":0},"b":{"0":[0],"1":[0,0],"2":[0,0],"3":[0],"4":[0,0],"5":[0,0],"6":[0],"7":[0,0],"8":[0,0],"9":[0],"10":[0,0],"11":[0,0],"12":[0]}}
,"/home/node/app/backend/src/infrastructure/FakeTradeData.ts": {"path":"/home/node/app/backend/src/infrastructure/FakeTradeData.ts","statementMap":{"0":{"start":{"line":1,"column":0},"end":{"line":1,"column":47}},"1":{"start":{"line":2,"column":22},"end":{"line":23,"column":null}},"2":{"start":{"line":25,"column":0},"end":{"line":25,"column":22}}},"fnMap":{},"branchMap":{},"s":{"0":1,"1":1,"2":1},"f":{},"b":{}}
,"/home/node/app/backend/src/infrastructure/FakeTradeWriteOnlyRepository.ts": {"path":"/home/node/app/backend/src/infrastructure/FakeTradeWriteOnlyRepository.ts","statementMap":{"0":{"start":{"line":3,"column":0},"end":{"line":3,"column":47}},"1":{"start":{"line":4,"column":0},"end":{"line":4,"column":37}},"2":{"start":{"line":8,"column":2},"end":{"line":8,"column":45}},"3":{"start":{"line":12,"column":2},"end":{"line":19,"column":null}},"4":{"start":{"line":13,"column":3},"end":{"line":17,"column":null}},"5":{"start":{"line":18,"column":3},"end":{"line":18,"column":21}},"6":{"start":{"line":6,"column":0},"end":{"line":6,"column":21}}},"fnMap":{"0":{"name":"(anonymous_1)","decl":{"start":{"line":7,"column":1},"end":{"line":7,"column":5}},"loc":{"start":{"line":7,"column":25},"end":{"line":9,"column":2}}},"1":{"name":"(anonymous_2)","decl":{"start":{"line":11,"column":1},"end":{"line":11,"column":7}},"loc":{"start":{"line":11,"column":27},"end":{"line":20,"column":2}}},"2":{"name":"(anonymous_3)","decl":{"start":{"line":12,"column":21},"end":{"line":12,"column":22}},"loc":{"start":{"line":12,"column":41},"end":{"line":19,"column":3}}}},"branchMap":{},"s":{"0":1,"1":1,"2":0,"3":0,"4":0,"5":0,"6":1},"f":{"0":0,"1":0,"2":0},"b":{}}
,"/home/node/app/backend/src/infrastructure/FakeUserData.ts": {"path":"/home/node/app/backend/src/infrastructure/FakeUserData.ts","statementMap":{"0":{"start":{"line":1,"column":0},"end":{"line":1,"column":30}},"1":{"start":{"line":2,"column":0},"end":{"line":2,"column":49}},"2":{"start":{"line":3,"column":0},"end":{"line":3,"column":45}},"3":{"start":{"line":5,"column":20},"end":{"line":48,"column":null}},"4":{"start":{"line":50,"column":0},"end":{"line":50,"column":21}}},"fnMap":{},"branchMap":{},"s":{"0":2,"1":2,"2":2,"3":2,"4":2},"f":{},"b":{}}
,"/home/node/app/backend/src/infrastructure/FakeUserReadOnlyRepository.ts": {"path":"/home/node/app/backend/src/infrastructure/FakeUserReadOnlyRepository.ts","statementMap":{"0":{"start":{"line":1,"column":0},"end":{"line":1,"column":39}},"1":{"start":{"line":4,"column":0},"end":{"line":4,"column":35}},"2":{"start":{"line":7,"column":0},"end":{"line":27,"column":null}},"3":{"start":{"line":13,"column":2},"end":{"line":13,"column":45}},"4":{"start":{"line":16,"column":2},"end":{"line":25,"column":null}},"5":{"start":{"line":16,"column":47},"end":{"line":25,"column":4}},"6":{"start":{"line":17,"column":19},"end":{"line":17,"column":66}},"7":{"start":{"line":17,"column":35},"end":{"line":17,"column":65}},"8":{"start":{"line":19,"column":3},"end":{"line":23,"column":null}},"9":{"start":{"line":20,"column":4},"end":{"line":20,"column":34}},"10":{"start":{"line":22,"column":4},"end":{"line":22,"column":23}},"11":{"start":{"line":7,"column":21},"end":{"line":27,"column":null}},"12":{"start":{"line":7,"column":21},"end":{"line":7,"column":null}}},"fnMap":{"0":{"name":"(anonymous_9)","decl":{"start":{"line":9,"column":1},"end":{"line":9,"column":null}},"loc":{"start":{"line":9,"column":1},"end":{"line":10,"column":2}}},"1":{"name":"(anonymous_10)","decl":{"start":{"line":12,"column":1},"end":{"line":12,"column":9}},"loc":{"start":{"line":12,"column":9},"end":{"line":14,"column":2}}},"2":{"name":"(anonymous_11)","decl":{"start":{"line":15,"column":1},"end":{"line":15,"column":6}},"loc":{"start":{"line":15,"column":24},"end":{"line":26,"column":2}}},"3":{"name":"(anonymous_12)","decl":{"start":{"line":16,"column":21},"end":{"line":16,"column":28}},"loc":{"start":{"line":16,"column":47},"end":{"line":25,"column":4}}},"4":{"name":"(anonymous_13)","decl":{"start":{"line":16,"column":47},"end":{"line":16,"column":null}},"loc":{"start":{"line":16,"column":47},"end":{"line":25,"column":3}}},"5":{"name":"(anonymous_14)","decl":{"start":{"line":17,"column":30},"end":{"line":17,"column":31}},"loc":{"start":{"line":17,"column":35},"end":{"line":17,"column":65}}}},"branchMap":{"0":{"loc":{"start":{"line":19,"column":3},"end":{"line":23,"column":null}},"type":"if","locations":[{"start":{"line":19,"column":3},"end":{"line":23,"column":null}},{"start":{"line":21,"column":9},"end":{"line":23,"column":null}}]}},"s":{"0":1,"1":1,"2":1,"3":0,"4":0,"5":0,"6":0,"7":0,"8":0,"9":0,"10":0,"11":1,"12":1},"f":{"0":2,"1":0,"2":0,"3":0,"4":0,"5":0},"b":{"0":[0,0]}}
,"/home/node/app/backend/src/infrastructure/FakeUserWriteOnlyRepository.ts": {"path":"/home/node/app/backend/src/infrastructure/FakeUserWriteOnlyRepository.ts","statementMap":{"0":{"start":{"line":1,"column":0},"end":{"line":1,"column":26}},"1":{"start":{"line":3,"column":0},"end":{"line":3,"column":35}},"2":{"start":{"line":4,"column":0},"end":{"line":4,"column":30}},"3":{"start":{"line":6,"column":0},"end":{"line":6,"column":45}},"4":{"start":{"line":7,"column":0},"end":{"line":7,"column":39}},"5":{"start":{"line":10,"column":0},"end":{"line":48,"column":null}},"6":{"start":{"line":12,"column":2},"end":{"line":26,"column":5}},"7":{"start":{"line":13,"column":41},"end":{"line":13,"column":80}},"8":{"start":{"line":13,"column":57},"end":{"line":13,"column":79}},"9":{"start":{"line":15,"column":3},"end":{"line":23,"column":null}},"10":{"start":{"line":16,"column":4},"end":{"line":20,"column":null}},"11":{"start":{"line":17,"column":5},"end":{"line":19,"column":null}},"12":{"start":{"line":18,"column":7},"end":{"line":18,"column":54}},"13":{"start":{"line":21,"column":4},"end":{"line":21,"column":24}},"14":{"start":{"line":22,"column":4},"end":{"line":22,"column":23}},"15":{"start":{"line":25,"column":3},"end":{"line":25,"column":41}},"16":{"start":{"line":29,"column":2},"end":{"line":46,"column":null}},"17":{"start":{"line":30,"column":3},"end":{"line":32,"column":null}},"18":{"start":{"line":30,"column":22},"end":{"line":30,"column":49}},"19":{"start":{"line":31,"column":4},"end":{"line":31,"column":null}},"20":{"start":{"line":34,"column":3},"end":{"line":43,"column":null}},"21":{"start":{"line":45,"column":3},"end":{"line":45,"column":null}},"22":{"start":{"line":10,"column":21},"end":{"line":48,"column":null}},"23":{"start":{"line":10,"column":21},"end":{"line":10,"column":null}}},"fnMap":{"0":{"name":"(anonymous_2)","decl":{"start":{"line":11,"column":1},"end":{"line":11,"column":5}},"loc":{"start":{"line":11,"column":41},"end":{"line":27,"column":2}}},"1":{"name":"(anonymous_3)","decl":{"start":{"line":12,"column":21},"end":{"line":12,"column":22}},"loc":{"start":{"line":12,"column":41},"end":{"line":26,"column":3}}},"2":{"name":"(anonymous_4)","decl":{"start":{"line":13,"column":52},"end":{"line":13,"column":53}},"loc":{"start":{"line":13,"column":57},"end":{"line":13,"column":79}}},"3":{"name":"(anonymous_5)","decl":{"start":{"line":28,"column":1},"end":{"line":28,"column":7}},"loc":{"start":{"line":28,"column":22},"end":{"line":47,"column":2}}},"4":{"name":"(anonymous_6)","decl":{"start":{"line":29,"column":21},"end":{"line":29,"column":22}},"loc":{"start":{"line":29,"column":41},"end":{"line":46,"column":3}}},"5":{"name":"(anonymous_7)","decl":{"start":{"line":30,"column":17},"end":{"line":30,"column":18}},"loc":{"start":{"line":30,"column":22},"end":{"line":30,"column":49}}}},"branchMap":{"0":{"loc":{"start":{"line":15,"column":3},"end":{"line":23,"column":null}},"type":"if","locations":[{"start":{"line":15,"column":3},"end":{"line":23,"column":null}}]},"1":{"loc":{"start":{"line":17,"column":5},"end":{"line":19,"column":null}},"type":"if","locations":[{"start":{"line":17,"column":5},"end":{"line":19,"column":null}}]},"2":{"loc":{"start":{"line":30,"column":3},"end":{"line":32,"column":null}},"type":"if","locations":[{"start":{"line":30,"column":3},"end":{"line":32,"column":null}}]}},"s":{"0":1,"1":1,"2":1,"3":1,"4":1,"5":1,"6":0,"7":0,"8":0,"9":0,"10":0,"11":0,"12":0,"13":0,"14":0,"15":0,"16":1,"17":1,"18":3,"19":0,"20":1,"21":1,"22":1,"23":1},"f":{"0":0,"1":0,"2":0,"3":1,"4":1,"5":3},"b":{"0":[0],"1":[0],"2":[0]}}
,"/home/node/app/backend/src/usecases/Trades/BuyStocksUseCase.ts": {"path":"/home/node/app/backend/src/usecases/Trades/BuyStocksUseCase.ts","statementMap":{"0":{"start":{"line":27,"column":2},"end":{"line":27,"column":60}},"1":{"start":{"line":28,"column":2},"end":{"line":28,"column":58}},"2":{"start":{"line":29,"column":2},"end":{"line":29,"column":60}},"3":{"start":{"line":30,"column":2},"end":{"line":30,"column":58}},"4":{"start":{"line":31,"column":2},"end":{"line":31,"column":56}},"5":{"start":{"line":35,"column":2},"end":{"line":84,"column":5}},"6":{"start":{"line":35,"column":47},"end":{"line":84,"column":4}},"7":{"start":{"line":43,"column":3},"end":{"line":48,"column":null}},"8":{"start":{"line":50,"column":3},"end":{"line":52,"column":null}},"9":{"start":{"line":51,"column":4},"end":{"line":51,"column":69}},"10":{"start":{"line":54,"column":3},"end":{"line":56,"column":null}},"11":{"start":{"line":55,"column":4},"end":{"line":55,"column":70}},"12":{"start":{"line":58,"column":3},"end":{"line":83,"column":null}},"13":{"start":{"line":59,"column":4},"end":{"line":79,"column":7}},"14":{"start":{"line":80,"column":4},"end":{"line":80,"column":22}},"15":{"start":{"line":82,"column":4},"end":{"line":82,"column":21}},"16":{"start":{"line":11,"column":0},"end":{"line":11,"column":21}}},"fnMap":{"0":{"name":"(anonymous_7)","decl":{"start":{"line":22,"column":1},"end":{"line":22,"column":13}},"loc":{"start":{"line":26,"column":52},"end":{"line":32,"column":2}}},"1":{"name":"(anonymous_8)","decl":{"start":{"line":34,"column":7},"end":{"line":34,"column":13}},"loc":{"start":{"line":34,"column":33},"end":{"line":85,"column":null}}},"2":{"name":"(anonymous_10)","decl":{"start":{"line":35,"column":21},"end":{"line":35,"column":28}},"loc":{"start":{"line":35,"column":47},"end":{"line":84,"column":4}}},"3":{"name":"(anonymous_11)","decl":{"start":{"line":35,"column":47},"end":{"line":35,"column":null}},"loc":{"start":{"line":35,"column":47},"end":{"line":84,"column":3}}}},"branchMap":{"0":{"loc":{"start":{"line":50,"column":3},"end":{"line":52,"column":null}},"type":"if","locations":[{"start":{"line":50,"column":3},"end":{"line":52,"column":null}}]},"1":{"loc":{"start":{"line":54,"column":3},"end":{"line":56,"column":null}},"type":"if","locations":[{"start":{"line":54,"column":3},"end":{"line":56,"column":null}}]}},"s":{"0":1,"1":1,"2":1,"3":1,"4":1,"5":1,"6":1,"7":1,"8":0,"9":0,"10":0,"11":0,"12":0,"13":0,"14":0,"15":0,"16":1},"f":{"0":1,"1":1,"2":1,"3":1},"b":{"0":[0],"1":[0]}}
,"/home/node/app/backend/src/usecases/Trades/SellStocksUseCase.ts": {"path":"/home/node/app/backend/src/usecases/Trades/SellStocksUseCase.ts","statementMap":{"0":{"start":{"line":27,"column":2},"end":{"line":27,"column":60}},"1":{"start":{"line":28,"column":2},"end":{"line":28,"column":58}},"2":{"start":{"line":29,"column":2},"end":{"line":29,"column":60}},"3":{"start":{"line":30,"column":2},"end":{"line":30,"column":58}},"4":{"start":{"line":31,"column":2},"end":{"line":31,"column":58}},"5":{"start":{"line":32,"column":2},"end":{"line":32,"column":56}},"6":{"start":{"line":36,"column":2},"end":{"line":92,"column":5}},"7":{"start":{"line":36,"column":47},"end":{"line":92,"column":4}},"8":{"start":{"line":45,"column":3},"end":{"line":54,"column":null}},"9":{"start":{"line":56,"column":3},"end":{"line":58,"column":null}},"10":{"start":{"line":57,"column":4},"end":{"line":57,"column":60}},"11":{"start":{"line":60,"column":21},"end":{"line":60,"column":54}},"12":{"start":{"line":62,"column":3},"end":{"line":64,"column":null}},"13":{"start":{"line":63,"column":4},"end":{"line":63,"column":60}},"14":{"start":{"line":66,"column":3},"end":{"line":91,"column":null}},"15":{"start":{"line":67,"column":4},"end":{"line":87,"column":7}},"16":{"start":{"line":88,"column":4},"end":{"line":88,"column":22}},"17":{"start":{"line":90,"column":4},"end":{"line":90,"column":21}},"18":{"start":{"line":96,"column":2},"end":{"line":100,"column":5}},"19":{"start":{"line":97,"column":3},"end":{"line":99,"column":5}},"20":{"start":{"line":10,"column":0},"end":{"line":10,"column":21}}},"fnMap":{"0":{"name":"(anonymous_7)","decl":{"start":{"line":21,"column":1},"end":{"line":21,"column":13}},"loc":{"start":{"line":26,"column":52},"end":{"line":33,"column":2}}},"1":{"name":"(anonymous_8)","decl":{"start":{"line":35,"column":7},"end":{"line":35,"column":13}},"loc":{"start":{"line":35,"column":33},"end":{"line":93,"column":null}}},"2":{"name":"(anonymous_10)","decl":{"start":{"line":36,"column":21},"end":{"line":36,"column":28}},"loc":{"start":{"line":36,"column":47},"end":{"line":92,"column":4}}},"3":{"name":"(anonymous_11)","decl":{"start":{"line":36,"column":47},"end":{"line":36,"column":null}},"loc":{"start":{"line":36,"column":47},"end":{"line":92,"column":3}}},"4":{"name":"(anonymous_12)","decl":{"start":{"line":95,"column":9},"end":{"line":95,"column":29}},"loc":{"start":{"line":95,"column":49},"end":{"line":101,"column":2}}},"5":{"name":"(anonymous_13)","decl":{"start":{"line":96,"column":23},"end":{"line":96,"column":24}},"loc":{"start":{"line":96,"column":55},"end":{"line":100,"column":3}}}},"branchMap":{"0":{"loc":{"start":{"line":56,"column":3},"end":{"line":58,"column":null}},"type":"if","locations":[{"start":{"line":56,"column":3},"end":{"line":58,"column":null}}]},"1":{"loc":{"start":{"line":62,"column":3},"end":{"line":64,"column":null}},"type":"if","locations":[{"start":{"line":62,"column":3},"end":{"line":64,"column":null}}]},"2":{"loc":{"start":{"line":98,"column":18},"end":{"line":98,"column":169}},"type":"cond-expr","locations":[{"start":{"line":98,"column":54},"end":{"line":98,"column":110}},{"start":{"line":98,"column":113},"end":{"line":98,"column":169}}]}},"s":{"0":1,"1":1,"2":1,"3":1,"4":1,"5":1,"6":1,"7":1,"8":1,"9":0,"10":0,"11":0,"12":0,"13":0,"14":0,"15":0,"16":0,"17":0,"18":0,"19":0,"20":1},"f":{"0":1,"1":1,"2":1,"3":1,"4":0,"5":0},"b":{"0":[0],"1":[0],"2":[0,0]}}
,"/home/node/app/backend/src/usecases/entities/Report.ts": {"path":"/home/node/app/backend/src/usecases/entities/Report.ts","statementMap":{"0":{"start":{"line":5,"column":9},"end":{"line":5,"column":19}},"1":{"start":{"line":6,"column":9},"end":{"line":6,"column":28}},"2":{"start":{"line":7,"column":9},"end":{"line":7,"column":32}},"3":{"start":{"line":3,"column":0},"end":{"line":3,"column":21}}},"fnMap":{"0":{"name":"(anonymous_0)","decl":{"start":{"line":4,"column":1},"end":{"line":4,"column":null}},"loc":{"start":{"line":7,"column":32},"end":{"line":10,"column":2}}}},"branchMap":{},"s":{"0":36,"1":36,"2":36,"3":2},"f":{"0":36},"b":{}}
,"/home/node/app/backend/src/usecases/entities/Stock.ts": {"path":"/home/node/app/backend/src/usecases/entities/Stock.ts","statementMap":{"0":{"start":{"line":5,"column":9},"end":{"line":5,"column":19}},"1":{"start":{"line":6,"column":9},"end":{"line":6,"column":23}},"2":{"start":{"line":7,"column":9},"end":{"line":7,"column":21}},"3":{"start":{"line":8,"column":9},"end":{"line":8,"column":23}},"4":{"start":{"line":9,"column":9},"end":{"line":9,"column":24}},"5":{"start":{"line":10,"column":9},"end":{"line":10,"column":22}},"6":{"start":{"line":11,"column":9},"end":{"line":11,"column":23}},"7":{"start":{"line":2,"column":10},"end":{"line":2,"column":54}},"8":{"start":{"line":13,"column":2},"end":{"line":13,"column":31}},"9":{"start":{"line":17,"column":2},"end":{"line":17,"column":75}},"10":{"start":{"line":1,"column":0},"end":{"line":1,"column":21}}},"fnMap":{"0":{"name":"(anonymous_0)","decl":{"start":{"line":4,"column":1},"end":{"line":4,"column":null}},"loc":{"start":{"line":11,"column":23},"end":{"line":14,"column":2}}},"1":{"name":"(anonymous_1)","decl":{"start":{"line":16,"column":8},"end":{"line":16,"column":16}},"loc":{"start":{"line":16,"column":16},"end":{"line":18,"column":2}}}},"branchMap":{"0":{"loc":{"start":{"line":17,"column":10},"end":{"line":17,"column":62}},"type":"cond-expr","locations":[{"start":{"line":17,"column":36},"end":{"line":17,"column":58}},{"start":{"line":17,"column":61},"end":{"line":17,"column":62}}]},"1":{"loc":{"start":{"line":17,"column":10},"end":{"line":17,"column":33}},"type":"binary-expr","locations":[{"start":{"line":17,"column":10},"end":{"line":17,"column":20}},{"start":{"line":17,"column":24},"end":{"line":17,"column":33}}]}},"s":{"0":4,"1":4,"2":4,"3":4,"4":4,"5":4,"6":4,"7":4,"8":4,"9":8,"10":1},"f":{"0":4,"1":8},"b":{"0":[8,0],"1":[8,8]}}
,"/home/node/app/backend/src/usecases/entities/Trade.ts": {"path":"/home/node/app/backend/src/usecases/entities/Trade.ts","statementMap":{"0":{"start":{"line":5,"column":9},"end":{"line":5,"column":25}},"1":{"start":{"line":6,"column":9},"end":{"line":6,"column":24}},"2":{"start":{"line":7,"column":9},"end":{"line":7,"column":29}},"3":{"start":{"line":8,"column":9},"end":{"line":8,"column":30}},"4":{"start":{"line":9,"column":9},"end":{"line":9,"column":29}},"5":{"start":{"line":10,"column":9},"end":{"line":10,"column":28}},"6":{"start":{"line":3,"column":0},"end":{"line":3,"column":21}}},"fnMap":{"0":{"name":"(anonymous_0)","decl":{"start":{"line":4,"column":1},"end":{"line":4,"column":null}},"loc":{"start":{"line":10,"column":28},"end":{"line":12,"column":2}}}},"branchMap":{},"s":{"0":4,"1":4,"2":4,"3":4,"4":4,"5":4,"6":1},"f":{"0":4},"b":{}}
,"/home/node/app/backend/src/usecases/entities/User.ts": {"path":"/home/node/app/backend/src/usecases/entities/User.ts","statementMap":{"0":{"start":{"line":7,"column":9},"end":{"line":7,"column":25}},"1":{"start":{"line":8,"column":9},"end":{"line":8,"column":22}},"2":{"start":{"line":9,"column":9},"end":{"line":9,"column":26}},"3":{"start":{"line":10,"column":9},"end":{"line":10,"column":25}},"4":{"start":{"line":11,"column":9},"end":{"line":11,"column":25}},"5":{"start":{"line":12,"column":9},"end":{"line":12,"column":27}},"6":{"start":{"line":13,"column":9},"end":{"line":13,"column":20}},"7":{"start":{"line":14,"column":9},"end":{"line":14,"column":26}},"8":{"start":{"line":15,"column":9},"end":{"line":15,"column":24}},"9":{"start":{"line":16,"column":9},"end":{"line":16,"column":20}},"10":{"start":{"line":17,"column":9},"end":{"line":17,"column":28}},"11":{"start":{"line":18,"column":9},"end":{"line":18,"column":36}},"12":{"start":{"line":5,"column":0},"end":{"line":5,"column":21}}},"fnMap":{"0":{"name":"(anonymous_0)","decl":{"start":{"line":6,"column":1},"end":{"line":6,"column":null}},"loc":{"start":{"line":18,"column":36},"end":{"line":21,"column":2}}}},"branchMap":{},"s":{"0":7,"1":7,"2":7,"3":7,"4":7,"5":7,"6":7,"7":7,"8":7,"9":7,"10":7,"11":7,"12":2},"f":{"0":7},"b":{}}
}
