TN:
SF:src\application\repositories\FakeUserData.ts
FNF:0
FNH:0
DA:2,1
DA:5,1
DA:60,1
LF:3
LH:3
BRF:0
BRH:0
end_of_record
TN:
SF:src\application\repositories\FakeUserReadOnlyRepository.ts
FN:7,(anonymous_1)
FN:10,(anonymous_2)
FN:14,(anonymous_3)
FN:15,(anonymous_4)
FN:16,(anonymous_5)
FNF:5
FNH:4
FNDA:1,(anonymous_1)
FNDA:0,(anonymous_2)
FNDA:1,(anonymous_3)
FNDA:1,(anonymous_4)
FNDA:1,(anonymous_5)
DA:3,1
DA:5,1
DA:11,0
DA:15,1
DA:16,1
DA:18,1
DA:19,1
DA:21,1
LF:8
LH:7
BRDA:18,0,0,1
BRF:1
BRH:1
end_of_record
TN:
SF:src\application\repositories\FakeUserWriteOnlyRepository.ts
FN:10,(anonymous_1)
FN:13,(anonymous_2)
FN:17,(anonymous_3)
FN:18,(anonymous_4)
FN:19,(anonymous_5)
FNF:5
FNH:4
FNDA:1,(anonymous_1)
FNDA:0,(anonymous_2)
FNDA:1,(anonymous_3)
FNDA:1,(anonymous_4)
FNDA:1,(anonymous_5)
DA:3,1
DA:8,1
DA:14,0
DA:18,1
DA:19,1
DA:21,1
DA:22,1
DA:23,8
DA:24,4
DA:27,1
DA:28,1
DA:31,1
LF:12
LH:11
BRDA:21,0,0,1
BRDA:23,1,0,4
BRF:2
BRH:2
end_of_record
TN:
SF:src\infrastructure\FakeUserData.ts
FNF:0
FNH:0
DA:1,1
DA:2,1
DA:3,1
DA:5,1
DA:36,1
LF:5
LH:5
BRF:0
BRH:0
end_of_record
TN:
SF:src\infrastructure\FakeUserWriteOnlyRepository.ts
FN:10,(anonymous_2)
FN:13,(anonymous_3)
FN:14,(anonymous_4)
FN:15,(anonymous_5)
FNF:4
FNH:3
FNDA:0,(anonymous_2)
FNDA:1,(anonymous_3)
FNDA:1,(anonymous_4)
FNDA:2,(anonymous_5)
DA:2,1
DA:3,1
DA:5,1
DA:6,1
DA:9,1
DA:11,0
DA:14,1
DA:15,2
DA:16,0
DA:19,1
DA:30,1
LF:11
LH:9
BRDA:15,0,0,0
BRF:1
BRH:0
end_of_record
TN:
SF:src\usecases\Users\EditUserDetailsUseCase.ts
FN:8,(anonymous_7)
FN:12,(anonymous_8)
FN:13,(anonymous_9)
FN:13,(anonymous_10)
FNF:4
FNH:4
FNDA:1,(anonymous_7)
FNDA:1,(anonymous_8)
FNDA:1,(anonymous_9)
FNDA:1,(anonymous_10)
DA:5,1
DA:9,1
DA:13,1
DA:14,1
DA:15,1
DA:17,1
DA:19,0
LF:7
LH:6
BRF:0
BRH:0
end_of_record
TN:
SF:src\usecases\Users\UserRegisterUseCase.ts
FN:8,(anonymous_7)
FN:12,(anonymous_8)
FN:13,(anonymous_9)
FN:13,(anonymous_10)
FNF:4
FNH:4
FNDA:1,(anonymous_7)
FNDA:1,(anonymous_8)
FNDA:1,(anonymous_9)
FNDA:1,(anonymous_10)
DA:5,1
DA:9,1
DA:13,1
DA:14,1
DA:15,1
DA:17,1
DA:19,1
DA:21,0
LF:8
LH:7
BRF:0
BRH:0
end_of_record
TN:
SF:src\usecases\Users\UserSignInUseCase.ts
FN:10,(anonymous_8)
FN:14,(anonymous_9)
FN:15,(anonymous_10)
FN:15,(anonymous_11)
FNF:4
FNH:4
FNDA:1,(anonymous_8)
FNDA:1,(anonymous_9)
FNDA:1,(anonymous_10)
FNDA:1,(anonymous_11)
DA:2,1
DA:6,1
DA:8,1
DA:11,1
DA:15,1
DA:16,1
DA:20,1
DA:21,1
DA:24,1
DA:25,1
DA:27,1
DA:30,1
LF:12
LH:12
BRDA:20,0,0,1
BRDA:20,1,0,1
BRDA:20,1,1,1
BRDA:24,2,0,1
BRF:4
BRH:4
end_of_record
TN:
SF:src\usecases\entities\Report.ts
FN:4,(anonymous_0)
FNF:1
FNH:1
FNDA:8,(anonymous_0)
DA:3,1
DA:5,8
DA:6,8
DA:7,8
LF:4
LH:4
BRF:0
BRH:0
end_of_record
TN:
SF:src\usecases\entities\User.ts
FN:4,(anonymous_0)
FNF:1
FNH:1
FNDA:4,(anonymous_0)
DA:3,2
DA:5,4
DA:6,4
DA:7,4
DA:8,4
DA:9,4
DA:10,4
DA:11,4
DA:12,4
LF:9
LH:9
BRF:0
BRH:0
end_of_record
