TN:
SF:src\configuration\UserServiceLocator.ts
FN:17,(anonymous_4)
FN:19,(anonymous_5)
FN:23,(anonymous_6)
FN:27,(anonymous_7)
FN:30,(anonymous_8)
FNF:5
FNH:5
FNDA:2,(anonymous_4)
FNDA:2,(anonymous_5)
FNDA:2,(anonymous_6)
FNDA:2,(anonymous_7)
FNDA:2,(anonymous_8)
DA:1,1
DA:4,1
DA:7,1
DA:8,1
DA:10,1
DA:12,1
DA:15,1
DA:17,2
DA:20,2
DA:24,2
DA:28,2
DA:31,2
LF:12
LH:12
BRF:0
BRH:0
end_of_record
TN:
SF:src\constants\types.ts
FNF:0
FNH:0
DA:1,1
LF:1
LH:1
BRF:0
BRH:0
end_of_record
TN:
SF:src\entrypoint\controllers\MockHttpContext.ts
FN:10,(anonymous_0)
FN:11,(anonymous_1)
FN:12,(anonymous_2)
FNF:3
FNH:0
FNDA:0,(anonymous_0)
FNDA:0,(anonymous_1)
FNDA:0,(anonymous_2)
DA:1,1
DA:3,1
DA:5,1
DA:6,1
DA:8,1
DA:10,0
DA:11,0
DA:12,0
DA:15,1
DA:17,1
LF:10
LH:7
BRF:0
BRH:0
end_of_record
TN:
SF:src\entrypoint\controllers\UserController.ts
FN:23,(anonymous_11)
FN:31,(anonymous_12)
FN:40,(anonymous_14)
FN:55,(anonymous_15)
FN:59,(anonymous_16)
FN:70,(anonymous_18)
FN:77,(anonymous_19)
FN:81,(anonymous_20)
FN:83,(anonymous_22)
FN:86,(anonymous_23)
FN:90,(anonymous_24)
FN:106,(anonymous_26)
FN:111,(anonymous_27)
FNF:13
FNH:9
FNDA:2,(anonymous_11)
FNDA:1,(anonymous_12)
FNDA:1,(anonymous_14)
FNDA:0,(anonymous_15)
FNDA:2,(anonymous_16)
FNDA:2,(anonymous_18)
FNDA:0,(anonymous_19)
FNDA:1,(anonymous_20)
FNDA:1,(anonymous_22)
FNDA:0,(anonymous_23)
FNDA:2,(anonymous_24)
FNDA:2,(anonymous_26)
FNDA:0,(anonymous_27)
DA:1,1
DA:2,1
DA:4,1
DA:6,1
DA:11,1
DA:14,1
DA:17,1
DA:24,2
DA:25,2
DA:26,2
DA:27,2
DA:31,1
DA:33,1
DA:34,0
DA:37,1
DA:39,1
DA:41,1
DA:43,1
DA:44,0
DA:47,1
DA:48,1
DA:49,1
DA:51,0
DA:55,0
DA:59,1
DA:60,2
DA:69,2
DA:71,2
DA:73,2
DA:75,2
DA:77,0
DA:81,1
DA:82,1
DA:84,1
DA:86,0
DA:90,1
DA:91,2
DA:101,2
DA:103,2
DA:105,2
DA:107,2
DA:109,2
DA:111,0
LF:43
LH:36
BRDA:33,0,0,0
BRDA:33,1,0,1
BRDA:33,1,1,1
BRDA:43,2,0,0
BRF:4
BRH:2
end_of_record
TN:
SF:src\infrastructure\FakeStockData.ts
FNF:0
FNH:0
DA:1,1
DA:2,1
DA:41,1
LF:3
LH:3
BRF:0
BRH:0
end_of_record
TN:
SF:src\infrastructure\FakeStockReadOnlyRepository.ts
FN:12,(anonymous_1)
FN:15,(anonymous_2)
FN:18,(anonymous_3)
FN:19,(anonymous_4)
FN:20,(anonymous_5)
FN:57,(anonymous_6)
FN:60,(anonymous_7)
FN:65,(anonymous_8)
FN:77,(anonymous_9)
FNF:9
FNH:8
FNDA:26,(anonymous_1)
FNDA:0,(anonymous_2)
FNDA:26,(anonymous_3)
FNDA:26,(anonymous_4)
FNDA:104,(anonymous_5)
FNDA:26,(anonymous_6)
FNDA:29,(anonymous_7)
FNDA:9,(anonymous_8)
FNDA:9,(anonymous_9)
DA:5,1
DA:7,1
DA:13,26
DA:16,0
DA:19,26
DA:20,26
DA:21,104
DA:22,40
DA:23,32
DA:39,8
DA:50,64
DA:53,26
DA:54,24
DA:55,16
DA:56,10
DA:57,26
DA:59,10
DA:60,29
DA:63,16
DA:64,6
DA:65,3
DA:66,9
DA:67,9
DA:69,0
DA:70,0
DA:73,0
DA:76,6
DA:77,3
DA:78,9
DA:79,9
DA:81,0
DA:82,0
DA:85,0
DA:92,26
LF:34
LH:27
BRDA:21,0,0,40
BRDA:22,1,0,32
BRDA:23,2,0,4
BRDA:23,2,1,28
BRDA:23,3,0,32
BRDA:23,3,1,32
BRDA:23,3,2,32
BRDA:23,3,3,32
BRDA:23,3,4,32
BRDA:23,3,5,32
BRDA:23,3,6,12
BRDA:28,4,0,4
BRDA:28,4,1,24
BRDA:28,5,0,28
BRDA:28,5,1,28
BRDA:28,5,2,8
BRDA:29,6,0,4
BRDA:29,6,1,20
BRDA:29,7,0,24
BRDA:29,7,1,24
BRDA:29,7,2,4
BRDA:30,8,0,4
BRDA:30,8,1,16
BRDA:30,9,0,20
BRDA:30,9,1,20
BRDA:30,9,2,8
BRDA:31,10,0,4
BRDA:31,10,1,12
BRDA:31,11,0,16
BRDA:31,11,1,16
BRDA:31,11,2,4
BRDA:32,12,0,0
BRDA:32,12,1,12
BRDA:32,13,0,12
BRDA:32,13,1,12
BRDA:32,13,2,0
BRDA:33,14,0,4
BRDA:33,14,1,8
BRDA:33,15,0,12
BRDA:33,15,1,12
BRDA:33,15,2,12
BRDA:34,16,0,4
BRDA:34,16,1,4
BRDA:34,17,0,8
BRDA:34,17,1,8
BRDA:34,17,2,8
BRDA:35,18,0,4
BRDA:35,18,1,0
BRDA:35,19,0,4
BRDA:35,19,1,4
BRDA:35,19,2,4
BRDA:40,20,0,8
BRDA:40,20,1,8
BRDA:40,20,2,8
BRDA:40,20,3,7
BRDA:40,20,4,7
BRDA:40,20,5,7
BRDA:40,20,6,6
BRDA:53,21,0,24
BRDA:54,22,0,16
BRDA:54,23,0,24
BRDA:54,23,1,16
BRDA:55,24,0,10
BRDA:56,25,0,5
BRDA:59,26,0,5
BRDA:63,27,0,6
BRDA:64,28,0,3
BRDA:66,29,0,9
BRDA:69,30,0,0
BRDA:76,31,0,3
BRDA:78,32,0,9
BRDA:81,33,0,0
BRF:72
BRH:67
end_of_record
TN:
SF:src\infrastructure\FakeUserData.ts
FNF:0
FNH:0
DA:1,3
DA:2,3
DA:3,3
DA:5,3
DA:50,3
LF:5
LH:5
BRF:0
BRH:0
end_of_record
TN:
SF:src\infrastructure\FakeUserReadOnlyRepository.ts
FN:9,(anonymous_9)
FN:12,(anonymous_10)
FN:15,(anonymous_11)
FN:16,(anonymous_12)
FN:16,(anonymous_13)
FN:17,(anonymous_14)
FNF:6
FNH:5
FNDA:3,(anonymous_9)
FNDA:0,(anonymous_10)
FNDA:2,(anonymous_11)
FNDA:2,(anonymous_12)
FNDA:2,(anonymous_13)
FNDA:4,(anonymous_14)
DA:1,2
DA:4,2
DA:7,2
DA:13,0
DA:16,2
DA:17,4
DA:19,2
DA:20,0
DA:22,2
LF:9
LH:7
BRDA:19,0,0,0
BRDA:19,0,1,2
BRF:2
BRH:1
end_of_record
TN:
SF:src\infrastructure\FakeUserWriteOnlyRepository.ts
FN:11,(anonymous_2)
FN:12,(anonymous_3)
FN:13,(anonymous_4)
FN:28,(anonymous_5)
FN:29,(anonymous_6)
FN:30,(anonymous_7)
FNF:6
FNH:6
FNDA:3,(anonymous_2)
FNDA:3,(anonymous_3)
FNDA:7,(anonymous_4)
FNDA:3,(anonymous_5)
FNDA:3,(anonymous_6)
FNDA:10,(anonymous_7)
DA:1,3
DA:3,3
DA:4,3
DA:6,3
DA:7,3
DA:10,3
DA:12,3
DA:13,7
DA:15,3
DA:16,3
DA:17,36
DA:18,18
DA:21,3
DA:22,3
DA:25,3
DA:29,3
DA:30,10
DA:31,0
DA:34,3
DA:45,3
LF:20
LH:19
BRDA:15,0,0,3
BRDA:17,1,0,18
BRDA:30,2,0,0
BRF:3
BRH:2
end_of_record
TN:
SF:src\usecases\Stocks\GetAllStocksUseCase.ts
FN:12,(anonymous_7)
FN:16,(anonymous_8)
FN:17,(anonymous_9)
FN:17,(anonymous_10)
FNF:4
FNH:4
FNDA:27,(anonymous_7)
FNDA:27,(anonymous_8)
FNDA:27,(anonymous_9)
FNDA:27,(anonymous_10)
DA:7,1
DA:13,27
DA:17,27
DA:18,27
DA:20,27
DA:21,1
DA:23,26
DA:26,27
DA:28,0
LF:9
LH:8
BRDA:20,0,0,1
BRDA:20,0,1,26
BRDA:20,1,0,27
BRDA:20,1,1,17
BRF:4
BRH:4
end_of_record
TN:
SF:src\usecases\Users\EditUserDetailsUseCase.ts
FN:9,(anonymous_8)
FN:13,(anonymous_9)
FN:14,(anonymous_10)
FN:14,(anonymous_11)
FNF:4
FNH:4
FNDA:3,(anonymous_8)
FNDA:3,(anonymous_9)
FNDA:3,(anonymous_10)
FNDA:3,(anonymous_11)
DA:4,2
DA:6,2
DA:10,3
DA:14,3
DA:15,3
DA:16,3
DA:18,3
DA:19,0
DA:21,3
DA:23,3
DA:25,0
LF:11
LH:9
BRDA:18,0,0,0
BRDA:18,1,0,3
BRDA:18,1,1,1
BRF:3
BRH:2
end_of_record
TN:
SF:src\usecases\Users\UserRegisterUseCase.ts
FN:8,(anonymous_7)
FN:12,(anonymous_8)
FN:13,(anonymous_9)
FN:13,(anonymous_10)
FNF:4
FNH:4
FNDA:3,(anonymous_7)
FNDA:3,(anonymous_8)
FNDA:3,(anonymous_9)
FNDA:3,(anonymous_10)
DA:5,2
DA:9,3
DA:13,3
DA:14,3
DA:18,3
DA:19,0
DA:22,3
DA:23,0
DA:26,3
DA:28,3
DA:29,0
DA:32,3
DA:33,3
DA:35,3
DA:37,3
DA:39,0
LF:16
LH:12
BRDA:18,0,0,0
BRDA:22,1,0,0
BRDA:28,2,0,0
BRF:3
BRH:0
end_of_record
TN:
SF:src\usecases\Users\UserSignInUseCase.ts
FN:10,(anonymous_8)
FN:14,(anonymous_9)
FN:15,(anonymous_10)
FN:15,(anonymous_11)
FNF:4
FNH:4
FNDA:3,(anonymous_8)
FNDA:2,(anonymous_9)
FNDA:2,(anonymous_10)
FNDA:2,(anonymous_11)
DA:2,2
DA:6,2
DA:8,3
DA:11,3
DA:15,2
DA:17,2
DA:18,2
DA:20,0
DA:25,2
DA:26,2
DA:29,2
DA:30,2
DA:32,2
DA:35,0
LF:14
LH:12
BRDA:25,0,0,2
BRDA:25,1,0,2
BRDA:25,1,1,2
BRDA:29,2,0,2
BRF:4
BRH:4
end_of_record
TN:
SF:src\usecases\Users\ValidateUserTokenUseCase.ts
FN:8,(anonymous_1)
FN:9,(anonymous_2)
FN:20,(anonymous_3)
FNF:3
FNH:3
FNDA:2,(anonymous_1)
FNDA:2,(anonymous_2)
FNDA:2,(anonymous_3)
DA:3,2
DA:7,2
DA:9,2
DA:13,2
DA:15,2
DA:16,2
DA:17,2
DA:18,2
DA:19,2
DA:20,1
DA:21,2
DA:22,2
DA:26,2
DA:29,0
DA:33,0
LF:15
LH:13
BRDA:17,0,0,2
BRDA:17,0,1,0
BRDA:19,1,0,1
BRF:3
BRH:2
end_of_record
TN:
SF:src\usecases\entities\CardDetails.ts
FN:2,(anonymous_0)
FNF:1
FNH:1
FNDA:2,(anonymous_0)
DA:1,1
DA:3,2
DA:4,2
DA:5,2
DA:6,2
LF:5
LH:5
BRF:0
BRH:0
end_of_record
TN:
SF:src\usecases\entities\Report.ts
FN:4,(anonymous_0)
FNF:1
FNH:1
FNDA:37,(anonymous_0)
DA:3,3
DA:5,37
DA:6,37
DA:7,37
LF:4
LH:4
BRF:0
BRH:0
end_of_record
TN:
SF:src\usecases\entities\Stock.ts
FN:4,(anonymous_0)
FN:16,(anonymous_1)
FNF:2
FNH:2
FNDA:7,(anonymous_0)
FNDA:26,(anonymous_1)
DA:1,1
DA:2,7
DA:5,7
DA:6,7
DA:7,7
DA:8,7
DA:9,7
DA:10,7
DA:11,7
DA:13,7
DA:17,26
LF:11
LH:11
BRDA:17,0,0,26
BRDA:17,0,1,0
BRDA:17,1,0,26
BRDA:17,1,1,26
BRF:4
BRH:3
end_of_record
TN:
SF:src\usecases\entities\User.ts
FN:6,(anonymous_0)
FNF:1
FNH:1
FNDA:13,(anonymous_0)
DA:5,3
DA:7,13
DA:8,13
DA:9,13
DA:10,13
DA:11,13
DA:12,13
DA:13,13
DA:14,13
DA:15,13
DA:16,13
DA:17,13
DA:18,13
LF:13
LH:13
BRF:0
BRH:0
end_of_record
